[2019-09-23 05:57:35] local.ERROR: SQLSTATE[HY000] [2002] php_network_getaddresses: getaddrinfo failed: nodename nor servname provided, or not known (SQL: select * from information_schema.tables where table_schema = db and table_name = migrations and table_type = 'BASE TABLE') {"exception":"[object] (Illuminate\\Database\\QueryException(code: 2002): SQLSTATE[HY000] [2002] php_network_getaddresses: getaddrinfo failed: nodename nor servname provided, or not known (SQL: select * from information_schema.tables where table_schema = db and table_name = migrations and table_type = 'BASE TABLE') at /Users/nonshi0830/Desktop/HobbyProgram/lara-vue/docker-laravel-vue/server/vendor/laravel/framework/src/Illuminate/Database/Connection.php:665)
[stacktrace]
#0 /Users/nonshi0830/Desktop/HobbyProgram/lara-vue/docker-laravel-vue/server/vendor/laravel/framework/src/Illuminate/Database/Connection.php(625): Illuminate\\Database\\Connection->runQueryCallback('select * from i...', Array, Object(Closure))
#1 /Users/nonshi0830/Desktop/HobbyProgram/lara-vue/docker-laravel-vue/server/vendor/laravel/framework/src/Illuminate/Database/Connection.php(334): Illuminate\\Database\\Connection->run('select * from i...', Array, Object(Closure))
#2 /Users/nonshi0830/Desktop/HobbyProgram/lara-vue/docker-laravel-vue/server/vendor/laravel/framework/src/Illuminate/Database/Schema/MySqlBuilder.php(18): Illuminate\\Database\\Connection->select('select * from i...', Array)
#3 /Users/nonshi0830/Desktop/HobbyProgram/lara-vue/docker-laravel-vue/server/vendor/laravel/framework/src/Illuminate/Database/Migrations/DatabaseMigrationRepository.php(169): Illuminate\\Database\\Schema\\MySqlBuilder->hasTable('migrations')
#4 /Users/nonshi0830/Desktop/HobbyProgram/lara-vue/docker-laravel-vue/server/vendor/laravel/framework/src/Illuminate/Database/Migrations/Migrator.php(585): Illuminate\\Database\\Migrations\\DatabaseMigrationRepository->repositoryExists()
#5 /Users/nonshi0830/Desktop/HobbyProgram/lara-vue/docker-laravel-vue/server/vendor/laravel/framework/src/Illuminate/Database/Console/Migrations/MigrateCommand.php(91): Illuminate\\Database\\Migrations\\Migrator->repositoryExists()
#6 /Users/nonshi0830/Desktop/HobbyProgram/lara-vue/docker-laravel-vue/server/vendor/laravel/framework/src/Illuminate/Database/Console/Migrations/MigrateCommand.php(63): Illuminate\\Database\\Console\\Migrations\\MigrateCommand->prepareDatabase()
#7 [internal function]: Illuminate\\Database\\Console\\Migrations\\MigrateCommand->handle()
#8 /Users/nonshi0830/Desktop/HobbyProgram/lara-vue/docker-laravel-vue/server/vendor/laravel/framework/src/Illuminate/Container/BoundMethod.php(32): call_user_func_array(Array, Array)
#9 /Users/nonshi0830/Desktop/HobbyProgram/lara-vue/docker-laravel-vue/server/vendor/laravel/framework/src/Illuminate/Container/BoundMethod.php(90): Illuminate\\Container\\BoundMethod::Illuminate\\Container\\{closure}()
#10 /Users/nonshi0830/Desktop/HobbyProgram/lara-vue/docker-laravel-vue/server/vendor/laravel/framework/src/Illuminate/Container/BoundMethod.php(34): Illuminate\\Container\\BoundMethod::callBoundMethod(Object(Illuminate\\Foundation\\Application), Array, Object(Closure))
#11 /Users/nonshi0830/Desktop/HobbyProgram/lara-vue/docker-laravel-vue/server/vendor/laravel/framework/src/Illuminate/Container/Container.php(591): Illuminate\\Container\\BoundMethod::call(Object(Illuminate\\Foundation\\Application), Array, Array, NULL)
#12 /Users/nonshi0830/Desktop/HobbyProgram/lara-vue/docker-laravel-vue/server/vendor/laravel/framework/src/Illuminate/Console/Command.php(192): Illuminate\\Container\\Container->call(Array)
#13 /Users/nonshi0830/Desktop/HobbyProgram/lara-vue/docker-laravel-vue/server/vendor/symfony/console/Command/Command.php(255): Illuminate\\Console\\Command->execute(Object(Symfony\\Component\\Console\\Input\\ArgvInput), Object(Illuminate\\Console\\OutputStyle))
#14 /Users/nonshi0830/Desktop/HobbyProgram/lara-vue/docker-laravel-vue/server/vendor/laravel/framework/src/Illuminate/Console/Command.php(179): Symfony\\Component\\Console\\Command\\Command->run(Object(Symfony\\Component\\Console\\Input\\ArgvInput), Object(Illuminate\\Console\\OutputStyle))
#15 /Users/nonshi0830/Desktop/HobbyProgram/lara-vue/docker-laravel-vue/server/vendor/symfony/console/Application.php(915): Illuminate\\Console\\Command->run(Object(Symfony\\Component\\Console\\Input\\ArgvInput), Object(Symfony\\Component\\Console\\Output\\ConsoleOutput))
#16 /Users/nonshi0830/Desktop/HobbyProgram/lara-vue/docker-laravel-vue/server/vendor/symfony/console/Application.php(272): Symfony\\Component\\Console\\Application->doRunCommand(Object(Illuminate\\Database\\Console\\Migrations\\MigrateCommand), Object(Symfony\\Component\\Console\\Input\\ArgvInput), Object(Symfony\\Component\\Console\\Output\\ConsoleOutput))
#17 /Users/nonshi0830/Desktop/HobbyProgram/lara-vue/docker-laravel-vue/server/vendor/symfony/console/Application.php(148): Symfony\\Component\\Console\\Application->doRun(Object(Symfony\\Component\\Console\\Input\\ArgvInput), Object(Symfony\\Component\\Console\\Output\\ConsoleOutput))
#18 /Users/nonshi0830/Desktop/HobbyProgram/lara-vue/docker-laravel-vue/server/vendor/laravel/framework/src/Illuminate/Console/Application.php(90): Symfony\\Component\\Console\\Application->run(Object(Symfony\\Component\\Console\\Input\\ArgvInput), Object(Symfony\\Component\\Console\\Output\\ConsoleOutput))
#19 /Users/nonshi0830/Desktop/HobbyProgram/lara-vue/docker-laravel-vue/server/vendor/laravel/framework/src/Illuminate/Foundation/Console/Kernel.php(131): Illuminate\\Console\\Application->run(Object(Symfony\\Component\\Console\\Input\\ArgvInput), Object(Symfony\\Component\\Console\\Output\\ConsoleOutput))
#20 /Users/nonshi0830/Desktop/HobbyProgram/lara-vue/docker-laravel-vue/server/artisan(37): Illuminate\\Foundation\\Console\\Kernel->handle(Object(Symfony\\Component\\Console\\Input\\ArgvInput), Object(Symfony\\Component\\Console\\Output\\ConsoleOutput))
#21 {main}

[previous exception] [object] (PDOException(code: 2002): SQLSTATE[HY000] [2002] php_network_getaddresses: getaddrinfo failed: nodename nor servname provided, or not known at /Users/nonshi0830/Desktop/HobbyProgram/lara-vue/docker-laravel-vue/server/vendor/laravel/framework/src/Illuminate/Database/Connectors/Connector.php:70)
[stacktrace]
#0 /Users/nonshi0830/Desktop/HobbyProgram/lara-vue/docker-laravel-vue/server/vendor/laravel/framework/src/Illuminate/Database/Connectors/Connector.php(70): PDO->__construct('mysql:host=db;p...', 'docker', 'docker', Array)
#1 /Users/nonshi0830/Desktop/HobbyProgram/lara-vue/docker-laravel-vue/server/vendor/laravel/framework/src/Illuminate/Database/Connectors/Connector.php(46): Illuminate\\Database\\Connectors\\Connector->createPdoConnection('mysql:host=db;p...', 'docker', 'docker', Array)
#2 /Users/nonshi0830/Desktop/HobbyProgram/lara-vue/docker-laravel-vue/server/vendor/laravel/framework/src/Illuminate/Database/Connectors/MySqlConnector.php(24): Illuminate\\Database\\Connectors\\Connector->createConnection('mysql:host=db;p...', Array, Array)
#3 /Users/nonshi0830/Desktop/HobbyProgram/lara-vue/docker-laravel-vue/server/vendor/laravel/framework/src/Illuminate/Database/Connectors/ConnectionFactory.php(182): Illuminate\\Database\\Connectors\\MySqlConnector->connect(Array)
#4 [internal function]: Illuminate\\Database\\Connectors\\ConnectionFactory->Illuminate\\Database\\Connectors\\{closure}()
#5 /Users/nonshi0830/Desktop/HobbyProgram/lara-vue/docker-laravel-vue/server/vendor/laravel/framework/src/Illuminate/Database/Connection.php(920): call_user_func(Object(Closure))
#6 /Users/nonshi0830/Desktop/HobbyProgram/lara-vue/docker-laravel-vue/server/vendor/laravel/framework/src/Illuminate/Database/Connection.php(945): Illuminate\\Database\\Connection->getPdo()
#7 /Users/nonshi0830/Desktop/HobbyProgram/lara-vue/docker-laravel-vue/server/vendor/laravel/framework/src/Illuminate/Database/Connection.php(400): Illuminate\\Database\\Connection->getReadPdo()
#8 /Users/nonshi0830/Desktop/HobbyProgram/lara-vue/docker-laravel-vue/server/vendor/laravel/framework/src/Illuminate/Database/Connection.php(326): Illuminate\\Database\\Connection->getPdoForSelect(true)
#9 /Users/nonshi0830/Desktop/HobbyProgram/lara-vue/docker-laravel-vue/server/vendor/laravel/framework/src/Illuminate/Database/Connection.php(658): Illuminate\\Database\\Connection->Illuminate\\Database\\{closure}('select * from i...', Array)
#10 /Users/nonshi0830/Desktop/HobbyProgram/lara-vue/docker-laravel-vue/server/vendor/laravel/framework/src/Illuminate/Database/Connection.php(625): Illuminate\\Database\\Connection->runQueryCallback('select * from i...', Array, Object(Closure))
#11 /Users/nonshi0830/Desktop/HobbyProgram/lara-vue/docker-laravel-vue/server/vendor/laravel/framework/src/Illuminate/Database/Connection.php(334): Illuminate\\Database\\Connection->run('select * from i...', Array, Object(Closure))
#12 /Users/nonshi0830/Desktop/HobbyProgram/lara-vue/docker-laravel-vue/server/vendor/laravel/framework/src/Illuminate/Database/Schema/MySqlBuilder.php(18): Illuminate\\Database\\Connection->select('select * from i...', Array)
#13 /Users/nonshi0830/Desktop/HobbyProgram/lara-vue/docker-laravel-vue/server/vendor/laravel/framework/src/Illuminate/Database/Migrations/DatabaseMigrationRepository.php(169): Illuminate\\Database\\Schema\\MySqlBuilder->hasTable('migrations')
#14 /Users/nonshi0830/Desktop/HobbyProgram/lara-vue/docker-laravel-vue/server/vendor/laravel/framework/src/Illuminate/Database/Migrations/Migrator.php(585): Illuminate\\Database\\Migrations\\DatabaseMigrationRepository->repositoryExists()
#15 /Users/nonshi0830/Desktop/HobbyProgram/lara-vue/docker-laravel-vue/server/vendor/laravel/framework/src/Illuminate/Database/Console/Migrations/MigrateCommand.php(91): Illuminate\\Database\\Migrations\\Migrator->repositoryExists()
#16 /Users/nonshi0830/Desktop/HobbyProgram/lara-vue/docker-laravel-vue/server/vendor/laravel/framework/src/Illuminate/Database/Console/Migrations/MigrateCommand.php(63): Illuminate\\Database\\Console\\Migrations\\MigrateCommand->prepareDatabase()
#17 [internal function]: Illuminate\\Database\\Console\\Migrations\\MigrateCommand->handle()
#18 /Users/nonshi0830/Desktop/HobbyProgram/lara-vue/docker-laravel-vue/server/vendor/laravel/framework/src/Illuminate/Container/BoundMethod.php(32): call_user_func_array(Array, Array)
#19 /Users/nonshi0830/Desktop/HobbyProgram/lara-vue/docker-laravel-vue/server/vendor/laravel/framework/src/Illuminate/Container/BoundMethod.php(90): Illuminate\\Container\\BoundMethod::Illuminate\\Container\\{closure}()
#20 /Users/nonshi0830/Desktop/HobbyProgram/lara-vue/docker-laravel-vue/server/vendor/laravel/framework/src/Illuminate/Container/BoundMethod.php(34): Illuminate\\Container\\BoundMethod::callBoundMethod(Object(Illuminate\\Foundation\\Application), Array, Object(Closure))
#21 /Users/nonshi0830/Desktop/HobbyProgram/lara-vue/docker-laravel-vue/server/vendor/laravel/framework/src/Illuminate/Container/Container.php(591): Illuminate\\Container\\BoundMethod::call(Object(Illuminate\\Foundation\\Application), Array, Array, NULL)
#22 /Users/nonshi0830/Desktop/HobbyProgram/lara-vue/docker-laravel-vue/server/vendor/laravel/framework/src/Illuminate/Console/Command.php(192): Illuminate\\Container\\Container->call(Array)
#23 /Users/nonshi0830/Desktop/HobbyProgram/lara-vue/docker-laravel-vue/server/vendor/symfony/console/Command/Command.php(255): Illuminate\\Console\\Command->execute(Object(Symfony\\Component\\Console\\Input\\ArgvInput), Object(Illuminate\\Console\\OutputStyle))
#24 /Users/nonshi0830/Desktop/HobbyProgram/lara-vue/docker-laravel-vue/server/vendor/laravel/framework/src/Illuminate/Console/Command.php(179): Symfony\\Component\\Console\\Command\\Command->run(Object(Symfony\\Component\\Console\\Input\\ArgvInput), Object(Illuminate\\Console\\OutputStyle))
#25 /Users/nonshi0830/Desktop/HobbyProgram/lara-vue/docker-laravel-vue/server/vendor/symfony/console/Application.php(915): Illuminate\\Console\\Command->run(Object(Symfony\\Component\\Console\\Input\\ArgvInput), Object(Symfony\\Component\\Console\\Output\\ConsoleOutput))
#26 /Users/nonshi0830/Desktop/HobbyProgram/lara-vue/docker-laravel-vue/server/vendor/symfony/console/Application.php(272): Symfony\\Component\\Console\\Application->doRunCommand(Object(Illuminate\\Database\\Console\\Migrations\\MigrateCommand), Object(Symfony\\Component\\Console\\Input\\ArgvInput), Object(Symfony\\Component\\Console\\Output\\ConsoleOutput))
#27 /Users/nonshi0830/Desktop/HobbyProgram/lara-vue/docker-laravel-vue/server/vendor/symfony/console/Application.php(148): Symfony\\Component\\Console\\Application->doRun(Object(Symfony\\Component\\Console\\Input\\ArgvInput), Object(Symfony\\Component\\Console\\Output\\ConsoleOutput))
#28 /Users/nonshi0830/Desktop/HobbyProgram/lara-vue/docker-laravel-vue/server/vendor/laravel/framework/src/Illuminate/Console/Application.php(90): Symfony\\Component\\Console\\Application->run(Object(Symfony\\Component\\Console\\Input\\ArgvInput), Object(Symfony\\Component\\Console\\Output\\ConsoleOutput))
#29 /Users/nonshi0830/Desktop/HobbyProgram/lara-vue/docker-laravel-vue/server/vendor/laravel/framework/src/Illuminate/Foundation/Console/Kernel.php(131): Illuminate\\Console\\Application->run(Object(Symfony\\Component\\Console\\Input\\ArgvInput), Object(Symfony\\Component\\Console\\Output\\ConsoleOutput))
#30 /Users/nonshi0830/Desktop/HobbyProgram/lara-vue/docker-laravel-vue/server/artisan(37): Illuminate\\Foundation\\Console\\Kernel->handle(Object(Symfony\\Component\\Console\\Input\\ArgvInput), Object(Symfony\\Component\\Console\\Output\\ConsoleOutput))
#31 {main}

[previous exception] [object] (PDOException(code: 0): PDO::__construct(): php_network_getaddresses: getaddrinfo failed: nodename nor servname provided, or not known at /Users/nonshi0830/Desktop/HobbyProgram/lara-vue/docker-laravel-vue/server/vendor/laravel/framework/src/Illuminate/Database/Connectors/Connector.php:70)
[stacktrace]
#0 /Users/nonshi0830/Desktop/HobbyProgram/lara-vue/docker-laravel-vue/server/vendor/laravel/framework/src/Illuminate/Database/Connectors/Connector.php(70): PDO->__construct('mysql:host=db;p...', 'docker', 'docker', Array)
#1 /Users/nonshi0830/Desktop/HobbyProgram/lara-vue/docker-laravel-vue/server/vendor/laravel/framework/src/Illuminate/Database/Connectors/Connector.php(46): Illuminate\\Database\\Connectors\\Connector->createPdoConnection('mysql:host=db;p...', 'docker', 'docker', Array)
#2 /Users/nonshi0830/Desktop/HobbyProgram/lara-vue/docker-laravel-vue/server/vendor/laravel/framework/src/Illuminate/Database/Connectors/MySqlConnector.php(24): Illuminate\\Database\\Connectors\\Connector->createConnection('mysql:host=db;p...', Array, Array)
#3 /Users/nonshi0830/Desktop/HobbyProgram/lara-vue/docker-laravel-vue/server/vendor/laravel/framework/src/Illuminate/Database/Connectors/ConnectionFactory.php(182): Illuminate\\Database\\Connectors\\MySqlConnector->connect(Array)
#4 [internal function]: Illuminate\\Database\\Connectors\\ConnectionFactory->Illuminate\\Database\\Connectors\\{closure}()
#5 /Users/nonshi0830/Desktop/HobbyProgram/lara-vue/docker-laravel-vue/server/vendor/laravel/framework/src/Illuminate/Database/Connection.php(920): call_user_func(Object(Closure))
#6 /Users/nonshi0830/Desktop/HobbyProgram/lara-vue/docker-laravel-vue/server/vendor/laravel/framework/src/Illuminate/Database/Connection.php(945): Illuminate\\Database\\Connection->getPdo()
#7 /Users/nonshi0830/Desktop/HobbyProgram/lara-vue/docker-laravel-vue/server/vendor/laravel/framework/src/Illuminate/Database/Connection.php(400): Illuminate\\Database\\Connection->getReadPdo()
#8 /Users/nonshi0830/Desktop/HobbyProgram/lara-vue/docker-laravel-vue/server/vendor/laravel/framework/src/Illuminate/Database/Connection.php(326): Illuminate\\Database\\Connection->getPdoForSelect(true)
#9 /Users/nonshi0830/Desktop/HobbyProgram/lara-vue/docker-laravel-vue/server/vendor/laravel/framework/src/Illuminate/Database/Connection.php(658): Illuminate\\Database\\Connection->Illuminate\\Database\\{closure}('select * from i...', Array)
#10 /Users/nonshi0830/Desktop/HobbyProgram/lara-vue/docker-laravel-vue/server/vendor/laravel/framework/src/Illuminate/Database/Connection.php(625): Illuminate\\Database\\Connection->runQueryCallback('select * from i...', Array, Object(Closure))
#11 /Users/nonshi0830/Desktop/HobbyProgram/lara-vue/docker-laravel-vue/server/vendor/laravel/framework/src/Illuminate/Database/Connection.php(334): Illuminate\\Database\\Connection->run('select * from i...', Array, Object(Closure))
#12 /Users/nonshi0830/Desktop/HobbyProgram/lara-vue/docker-laravel-vue/server/vendor/laravel/framework/src/Illuminate/Database/Schema/MySqlBuilder.php(18): Illuminate\\Database\\Connection->select('select * from i...', Array)
#13 /Users/nonshi0830/Desktop/HobbyProgram/lara-vue/docker-laravel-vue/server/vendor/laravel/framework/src/Illuminate/Database/Migrations/DatabaseMigrationRepository.php(169): Illuminate\\Database\\Schema\\MySqlBuilder->hasTable('migrations')
#14 /Users/nonshi0830/Desktop/HobbyProgram/lara-vue/docker-laravel-vue/server/vendor/laravel/framework/src/Illuminate/Database/Migrations/Migrator.php(585): Illuminate\\Database\\Migrations\\DatabaseMigrationRepository->repositoryExists()
#15 /Users/nonshi0830/Desktop/HobbyProgram/lara-vue/docker-laravel-vue/server/vendor/laravel/framework/src/Illuminate/Database/Console/Migrations/MigrateCommand.php(91): Illuminate\\Database\\Migrations\\Migrator->repositoryExists()
#16 /Users/nonshi0830/Desktop/HobbyProgram/lara-vue/docker-laravel-vue/server/vendor/laravel/framework/src/Illuminate/Database/Console/Migrations/MigrateCommand.php(63): Illuminate\\Database\\Console\\Migrations\\MigrateCommand->prepareDatabase()
#17 [internal function]: Illuminate\\Database\\Console\\Migrations\\MigrateCommand->handle()
#18 /Users/nonshi0830/Desktop/HobbyProgram/lara-vue/docker-laravel-vue/server/vendor/laravel/framework/src/Illuminate/Container/BoundMethod.php(32): call_user_func_array(Array, Array)
#19 /Users/nonshi0830/Desktop/HobbyProgram/lara-vue/docker-laravel-vue/server/vendor/laravel/framework/src/Illuminate/Container/BoundMethod.php(90): Illuminate\\Container\\BoundMethod::Illuminate\\Container\\{closure}()
#20 /Users/nonshi0830/Desktop/HobbyProgram/lara-vue/docker-laravel-vue/server/vendor/laravel/framework/src/Illuminate/Container/BoundMethod.php(34): Illuminate\\Container\\BoundMethod::callBoundMethod(Object(Illuminate\\Foundation\\Application), Array, Object(Closure))
#21 /Users/nonshi0830/Desktop/HobbyProgram/lara-vue/docker-laravel-vue/server/vendor/laravel/framework/src/Illuminate/Container/Container.php(591): Illuminate\\Container\\BoundMethod::call(Object(Illuminate\\Foundation\\Application), Array, Array, NULL)
#22 /Users/nonshi0830/Desktop/HobbyProgram/lara-vue/docker-laravel-vue/server/vendor/laravel/framework/src/Illuminate/Console/Command.php(192): Illuminate\\Container\\Container->call(Array)
#23 /Users/nonshi0830/Desktop/HobbyProgram/lara-vue/docker-laravel-vue/server/vendor/symfony/console/Command/Command.php(255): Illuminate\\Console\\Command->execute(Object(Symfony\\Component\\Console\\Input\\ArgvInput), Object(Illuminate\\Console\\OutputStyle))
#24 /Users/nonshi0830/Desktop/HobbyProgram/lara-vue/docker-laravel-vue/server/vendor/laravel/framework/src/Illuminate/Console/Command.php(179): Symfony\\Component\\Console\\Command\\Command->run(Object(Symfony\\Component\\Console\\Input\\ArgvInput), Object(Illuminate\\Console\\OutputStyle))
#25 /Users/nonshi0830/Desktop/HobbyProgram/lara-vue/docker-laravel-vue/server/vendor/symfony/console/Application.php(915): Illuminate\\Console\\Command->run(Object(Symfony\\Component\\Console\\Input\\ArgvInput), Object(Symfony\\Component\\Console\\Output\\ConsoleOutput))
#26 /Users/nonshi0830/Desktop/HobbyProgram/lara-vue/docker-laravel-vue/server/vendor/symfony/console/Application.php(272): Symfony\\Component\\Console\\Application->doRunCommand(Object(Illuminate\\Database\\Console\\Migrations\\MigrateCommand), Object(Symfony\\Component\\Console\\Input\\ArgvInput), Object(Symfony\\Component\\Console\\Output\\ConsoleOutput))
#27 /Users/nonshi0830/Desktop/HobbyProgram/lara-vue/docker-laravel-vue/server/vendor/symfony/console/Application.php(148): Symfony\\Component\\Console\\Application->doRun(Object(Symfony\\Component\\Console\\Input\\ArgvInput), Object(Symfony\\Component\\Console\\Output\\ConsoleOutput))
#28 /Users/nonshi0830/Desktop/HobbyProgram/lara-vue/docker-laravel-vue/server/vendor/laravel/framework/src/Illuminate/Console/Application.php(90): Symfony\\Component\\Console\\Application->run(Object(Symfony\\Component\\Console\\Input\\ArgvInput), Object(Symfony\\Component\\Console\\Output\\ConsoleOutput))
#29 /Users/nonshi0830/Desktop/HobbyProgram/lara-vue/docker-laravel-vue/server/vendor/laravel/framework/src/Illuminate/Foundation/Console/Kernel.php(131): Illuminate\\Console\\Application->run(Object(Symfony\\Component\\Console\\Input\\ArgvInput), Object(Symfony\\Component\\Console\\Output\\ConsoleOutput))
#30 /Users/nonshi0830/Desktop/HobbyProgram/lara-vue/docker-laravel-vue/server/artisan(37): Illuminate\\Foundation\\Console\\Kernel->handle(Object(Symfony\\Component\\Console\\Input\\ArgvInput), Object(Symfony\\Component\\Console\\Output\\ConsoleOutput))
#31 {main}
"} 
[2019-09-23 06:06:15] local.ERROR: SQLSTATE[HY000] [2002] Socket operation on non-socket (SQL: select * from information_schema.tables where table_schema = db and table_name = migrations and table_type = 'BASE TABLE') {"exception":"[object] (Illuminate\\Database\\QueryException(code: 2002): SQLSTATE[HY000] [2002] Socket operation on non-socket (SQL: select * from information_schema.tables where table_schema = db and table_name = migrations and table_type = 'BASE TABLE') at /Users/nonshi0830/Desktop/HobbyProgram/lara-vue/docker-laravel-vue/server/vendor/laravel/framework/src/Illuminate/Database/Connection.php:665)
[stacktrace]
#0 /Users/nonshi0830/Desktop/HobbyProgram/lara-vue/docker-laravel-vue/server/vendor/laravel/framework/src/Illuminate/Database/Connection.php(625): Illuminate\\Database\\Connection->runQueryCallback('select * from i...', Array, Object(Closure))
#1 /Users/nonshi0830/Desktop/HobbyProgram/lara-vue/docker-laravel-vue/server/vendor/laravel/framework/src/Illuminate/Database/Connection.php(334): Illuminate\\Database\\Connection->run('select * from i...', Array, Object(Closure))
#2 /Users/nonshi0830/Desktop/HobbyProgram/lara-vue/docker-laravel-vue/server/vendor/laravel/framework/src/Illuminate/Database/Schema/MySqlBuilder.php(18): Illuminate\\Database\\Connection->select('select * from i...', Array)
#3 /Users/nonshi0830/Desktop/HobbyProgram/lara-vue/docker-laravel-vue/server/vendor/laravel/framework/src/Illuminate/Database/Migrations/DatabaseMigrationRepository.php(169): Illuminate\\Database\\Schema\\MySqlBuilder->hasTable('migrations')
#4 /Users/nonshi0830/Desktop/HobbyProgram/lara-vue/docker-laravel-vue/server/vendor/laravel/framework/src/Illuminate/Database/Migrations/Migrator.php(585): Illuminate\\Database\\Migrations\\DatabaseMigrationRepository->repositoryExists()
#5 /Users/nonshi0830/Desktop/HobbyProgram/lara-vue/docker-laravel-vue/server/vendor/laravel/framework/src/Illuminate/Database/Console/Migrations/MigrateCommand.php(91): Illuminate\\Database\\Migrations\\Migrator->repositoryExists()
#6 /Users/nonshi0830/Desktop/HobbyProgram/lara-vue/docker-laravel-vue/server/vendor/laravel/framework/src/Illuminate/Database/Console/Migrations/MigrateCommand.php(63): Illuminate\\Database\\Console\\Migrations\\MigrateCommand->prepareDatabase()
#7 [internal function]: Illuminate\\Database\\Console\\Migrations\\MigrateCommand->handle()
#8 /Users/nonshi0830/Desktop/HobbyProgram/lara-vue/docker-laravel-vue/server/vendor/laravel/framework/src/Illuminate/Container/BoundMethod.php(32): call_user_func_array(Array, Array)
#9 /Users/nonshi0830/Desktop/HobbyProgram/lara-vue/docker-laravel-vue/server/vendor/laravel/framework/src/Illuminate/Container/BoundMethod.php(90): Illuminate\\Container\\BoundMethod::Illuminate\\Container\\{closure}()
#10 /Users/nonshi0830/Desktop/HobbyProgram/lara-vue/docker-laravel-vue/server/vendor/laravel/framework/src/Illuminate/Container/BoundMethod.php(34): Illuminate\\Container\\BoundMethod::callBoundMethod(Object(Illuminate\\Foundation\\Application), Array, Object(Closure))
#11 /Users/nonshi0830/Desktop/HobbyProgram/lara-vue/docker-laravel-vue/server/vendor/laravel/framework/src/Illuminate/Container/Container.php(591): Illuminate\\Container\\BoundMethod::call(Object(Illuminate\\Foundation\\Application), Array, Array, NULL)
#12 /Users/nonshi0830/Desktop/HobbyProgram/lara-vue/docker-laravel-vue/server/vendor/laravel/framework/src/Illuminate/Console/Command.php(192): Illuminate\\Container\\Container->call(Array)
#13 /Users/nonshi0830/Desktop/HobbyProgram/lara-vue/docker-laravel-vue/server/vendor/symfony/console/Command/Command.php(255): Illuminate\\Console\\Command->execute(Object(Symfony\\Component\\Console\\Input\\ArgvInput), Object(Illuminate\\Console\\OutputStyle))
#14 /Users/nonshi0830/Desktop/HobbyProgram/lara-vue/docker-laravel-vue/server/vendor/laravel/framework/src/Illuminate/Console/Command.php(179): Symfony\\Component\\Console\\Command\\Command->run(Object(Symfony\\Component\\Console\\Input\\ArgvInput), Object(Illuminate\\Console\\OutputStyle))
#15 /Users/nonshi0830/Desktop/HobbyProgram/lara-vue/docker-laravel-vue/server/vendor/symfony/console/Application.php(915): Illuminate\\Console\\Command->run(Object(Symfony\\Component\\Console\\Input\\ArgvInput), Object(Symfony\\Component\\Console\\Output\\ConsoleOutput))
#16 /Users/nonshi0830/Desktop/HobbyProgram/lara-vue/docker-laravel-vue/server/vendor/symfony/console/Application.php(272): Symfony\\Component\\Console\\Application->doRunCommand(Object(Illuminate\\Database\\Console\\Migrations\\MigrateCommand), Object(Symfony\\Component\\Console\\Input\\ArgvInput), Object(Symfony\\Component\\Console\\Output\\ConsoleOutput))
#17 /Users/nonshi0830/Desktop/HobbyProgram/lara-vue/docker-laravel-vue/server/vendor/symfony/console/Application.php(148): Symfony\\Component\\Console\\Application->doRun(Object(Symfony\\Component\\Console\\Input\\ArgvInput), Object(Symfony\\Component\\Console\\Output\\ConsoleOutput))
#18 /Users/nonshi0830/Desktop/HobbyProgram/lara-vue/docker-laravel-vue/server/vendor/laravel/framework/src/Illuminate/Console/Application.php(90): Symfony\\Component\\Console\\Application->run(Object(Symfony\\Component\\Console\\Input\\ArgvInput), Object(Symfony\\Component\\Console\\Output\\ConsoleOutput))
#19 /Users/nonshi0830/Desktop/HobbyProgram/lara-vue/docker-laravel-vue/server/vendor/laravel/framework/src/Illuminate/Foundation/Console/Kernel.php(131): Illuminate\\Console\\Application->run(Object(Symfony\\Component\\Console\\Input\\ArgvInput), Object(Symfony\\Component\\Console\\Output\\ConsoleOutput))
#20 /Users/nonshi0830/Desktop/HobbyProgram/lara-vue/docker-laravel-vue/server/artisan(37): Illuminate\\Foundation\\Console\\Kernel->handle(Object(Symfony\\Component\\Console\\Input\\ArgvInput), Object(Symfony\\Component\\Console\\Output\\ConsoleOutput))
#21 {main}

[previous exception] [object] (PDOException(code: 2002): SQLSTATE[HY000] [2002] Socket operation on non-socket at /Users/nonshi0830/Desktop/HobbyProgram/lara-vue/docker-laravel-vue/server/vendor/laravel/framework/src/Illuminate/Database/Connectors/Connector.php:70)
[stacktrace]
#0 /Users/nonshi0830/Desktop/HobbyProgram/lara-vue/docker-laravel-vue/server/vendor/laravel/framework/src/Illuminate/Database/Connectors/Connector.php(70): PDO->__construct('mysql:unix_sock...', 'docker', 'docker', Array)
#1 /Users/nonshi0830/Desktop/HobbyProgram/lara-vue/docker-laravel-vue/server/vendor/laravel/framework/src/Illuminate/Database/Connectors/Connector.php(46): Illuminate\\Database\\Connectors\\Connector->createPdoConnection('mysql:unix_sock...', 'docker', 'docker', Array)
#2 /Users/nonshi0830/Desktop/HobbyProgram/lara-vue/docker-laravel-vue/server/vendor/laravel/framework/src/Illuminate/Database/Connectors/MySqlConnector.php(24): Illuminate\\Database\\Connectors\\Connector->createConnection('mysql:unix_sock...', Array, Array)
#3 /Users/nonshi0830/Desktop/HobbyProgram/lara-vue/docker-laravel-vue/server/vendor/laravel/framework/src/Illuminate/Database/Connectors/ConnectionFactory.php(182): Illuminate\\Database\\Connectors\\MySqlConnector->connect(Array)
#4 [internal function]: Illuminate\\Database\\Connectors\\ConnectionFactory->Illuminate\\Database\\Connectors\\{closure}()
#5 /Users/nonshi0830/Desktop/HobbyProgram/lara-vue/docker-laravel-vue/server/vendor/laravel/framework/src/Illuminate/Database/Connection.php(920): call_user_func(Object(Closure))
#6 /Users/nonshi0830/Desktop/HobbyProgram/lara-vue/docker-laravel-vue/server/vendor/laravel/framework/src/Illuminate/Database/Connection.php(945): Illuminate\\Database\\Connection->getPdo()
#7 /Users/nonshi0830/Desktop/HobbyProgram/lara-vue/docker-laravel-vue/server/vendor/laravel/framework/src/Illuminate/Database/Connection.php(400): Illuminate\\Database\\Connection->getReadPdo()
#8 /Users/nonshi0830/Desktop/HobbyProgram/lara-vue/docker-laravel-vue/server/vendor/laravel/framework/src/Illuminate/Database/Connection.php(326): Illuminate\\Database\\Connection->getPdoForSelect(true)
#9 /Users/nonshi0830/Desktop/HobbyProgram/lara-vue/docker-laravel-vue/server/vendor/laravel/framework/src/Illuminate/Database/Connection.php(658): Illuminate\\Database\\Connection->Illuminate\\Database\\{closure}('select * from i...', Array)
#10 /Users/nonshi0830/Desktop/HobbyProgram/lara-vue/docker-laravel-vue/server/vendor/laravel/framework/src/Illuminate/Database/Connection.php(625): Illuminate\\Database\\Connection->runQueryCallback('select * from i...', Array, Object(Closure))
#11 /Users/nonshi0830/Desktop/HobbyProgram/lara-vue/docker-laravel-vue/server/vendor/laravel/framework/src/Illuminate/Database/Connection.php(334): Illuminate\\Database\\Connection->run('select * from i...', Array, Object(Closure))
#12 /Users/nonshi0830/Desktop/HobbyProgram/lara-vue/docker-laravel-vue/server/vendor/laravel/framework/src/Illuminate/Database/Schema/MySqlBuilder.php(18): Illuminate\\Database\\Connection->select('select * from i...', Array)
#13 /Users/nonshi0830/Desktop/HobbyProgram/lara-vue/docker-laravel-vue/server/vendor/laravel/framework/src/Illuminate/Database/Migrations/DatabaseMigrationRepository.php(169): Illuminate\\Database\\Schema\\MySqlBuilder->hasTable('migrations')
#14 /Users/nonshi0830/Desktop/HobbyProgram/lara-vue/docker-laravel-vue/server/vendor/laravel/framework/src/Illuminate/Database/Migrations/Migrator.php(585): Illuminate\\Database\\Migrations\\DatabaseMigrationRepository->repositoryExists()
#15 /Users/nonshi0830/Desktop/HobbyProgram/lara-vue/docker-laravel-vue/server/vendor/laravel/framework/src/Illuminate/Database/Console/Migrations/MigrateCommand.php(91): Illuminate\\Database\\Migrations\\Migrator->repositoryExists()
#16 /Users/nonshi0830/Desktop/HobbyProgram/lara-vue/docker-laravel-vue/server/vendor/laravel/framework/src/Illuminate/Database/Console/Migrations/MigrateCommand.php(63): Illuminate\\Database\\Console\\Migrations\\MigrateCommand->prepareDatabase()
#17 [internal function]: Illuminate\\Database\\Console\\Migrations\\MigrateCommand->handle()
#18 /Users/nonshi0830/Desktop/HobbyProgram/lara-vue/docker-laravel-vue/server/vendor/laravel/framework/src/Illuminate/Container/BoundMethod.php(32): call_user_func_array(Array, Array)
#19 /Users/nonshi0830/Desktop/HobbyProgram/lara-vue/docker-laravel-vue/server/vendor/laravel/framework/src/Illuminate/Container/BoundMethod.php(90): Illuminate\\Container\\BoundMethod::Illuminate\\Container\\{closure}()
#20 /Users/nonshi0830/Desktop/HobbyProgram/lara-vue/docker-laravel-vue/server/vendor/laravel/framework/src/Illuminate/Container/BoundMethod.php(34): Illuminate\\Container\\BoundMethod::callBoundMethod(Object(Illuminate\\Foundation\\Application), Array, Object(Closure))
#21 /Users/nonshi0830/Desktop/HobbyProgram/lara-vue/docker-laravel-vue/server/vendor/laravel/framework/src/Illuminate/Container/Container.php(591): Illuminate\\Container\\BoundMethod::call(Object(Illuminate\\Foundation\\Application), Array, Array, NULL)
#22 /Users/nonshi0830/Desktop/HobbyProgram/lara-vue/docker-laravel-vue/server/vendor/laravel/framework/src/Illuminate/Console/Command.php(192): Illuminate\\Container\\Container->call(Array)
#23 /Users/nonshi0830/Desktop/HobbyProgram/lara-vue/docker-laravel-vue/server/vendor/symfony/console/Command/Command.php(255): Illuminate\\Console\\Command->execute(Object(Symfony\\Component\\Console\\Input\\ArgvInput), Object(Illuminate\\Console\\OutputStyle))
#24 /Users/nonshi0830/Desktop/HobbyProgram/lara-vue/docker-laravel-vue/server/vendor/laravel/framework/src/Illuminate/Console/Command.php(179): Symfony\\Component\\Console\\Command\\Command->run(Object(Symfony\\Component\\Console\\Input\\ArgvInput), Object(Illuminate\\Console\\OutputStyle))
#25 /Users/nonshi0830/Desktop/HobbyProgram/lara-vue/docker-laravel-vue/server/vendor/symfony/console/Application.php(915): Illuminate\\Console\\Command->run(Object(Symfony\\Component\\Console\\Input\\ArgvInput), Object(Symfony\\Component\\Console\\Output\\ConsoleOutput))
#26 /Users/nonshi0830/Desktop/HobbyProgram/lara-vue/docker-laravel-vue/server/vendor/symfony/console/Application.php(272): Symfony\\Component\\Console\\Application->doRunCommand(Object(Illuminate\\Database\\Console\\Migrations\\MigrateCommand), Object(Symfony\\Component\\Console\\Input\\ArgvInput), Object(Symfony\\Component\\Console\\Output\\ConsoleOutput))
#27 /Users/nonshi0830/Desktop/HobbyProgram/lara-vue/docker-laravel-vue/server/vendor/symfony/console/Application.php(148): Symfony\\Component\\Console\\Application->doRun(Object(Symfony\\Component\\Console\\Input\\ArgvInput), Object(Symfony\\Component\\Console\\Output\\ConsoleOutput))
#28 /Users/nonshi0830/Desktop/HobbyProgram/lara-vue/docker-laravel-vue/server/vendor/laravel/framework/src/Illuminate/Console/Application.php(90): Symfony\\Component\\Console\\Application->run(Object(Symfony\\Component\\Console\\Input\\ArgvInput), Object(Symfony\\Component\\Console\\Output\\ConsoleOutput))
#29 /Users/nonshi0830/Desktop/HobbyProgram/lara-vue/docker-laravel-vue/server/vendor/laravel/framework/src/Illuminate/Foundation/Console/Kernel.php(131): Illuminate\\Console\\Application->run(Object(Symfony\\Component\\Console\\Input\\ArgvInput), Object(Symfony\\Component\\Console\\Output\\ConsoleOutput))
#30 /Users/nonshi0830/Desktop/HobbyProgram/lara-vue/docker-laravel-vue/server/artisan(37): Illuminate\\Foundation\\Console\\Kernel->handle(Object(Symfony\\Component\\Console\\Input\\ArgvInput), Object(Symfony\\Component\\Console\\Output\\ConsoleOutput))
#31 {main}
"} 
[2019-09-23 06:06:58] local.ERROR: SQLSTATE[HY000] [2002] Socket operation on non-socket (SQL: select * from information_schema.tables where table_schema = db and table_name = migrations and table_type = 'BASE TABLE') {"exception":"[object] (Illuminate\\Database\\QueryException(code: 2002): SQLSTATE[HY000] [2002] Socket operation on non-socket (SQL: select * from information_schema.tables where table_schema = db and table_name = migrations and table_type = 'BASE TABLE') at /Users/nonshi0830/Desktop/HobbyProgram/lara-vue/docker-laravel-vue/server/vendor/laravel/framework/src/Illuminate/Database/Connection.php:665)
[stacktrace]
#0 /Users/nonshi0830/Desktop/HobbyProgram/lara-vue/docker-laravel-vue/server/vendor/laravel/framework/src/Illuminate/Database/Connection.php(625): Illuminate\\Database\\Connection->runQueryCallback('select * from i...', Array, Object(Closure))
#1 /Users/nonshi0830/Desktop/HobbyProgram/lara-vue/docker-laravel-vue/server/vendor/laravel/framework/src/Illuminate/Database/Connection.php(334): Illuminate\\Database\\Connection->run('select * from i...', Array, Object(Closure))
#2 /Users/nonshi0830/Desktop/HobbyProgram/lara-vue/docker-laravel-vue/server/vendor/laravel/framework/src/Illuminate/Database/Schema/MySqlBuilder.php(18): Illuminate\\Database\\Connection->select('select * from i...', Array)
#3 /Users/nonshi0830/Desktop/HobbyProgram/lara-vue/docker-laravel-vue/server/vendor/laravel/framework/src/Illuminate/Database/Migrations/DatabaseMigrationRepository.php(169): Illuminate\\Database\\Schema\\MySqlBuilder->hasTable('migrations')
#4 /Users/nonshi0830/Desktop/HobbyProgram/lara-vue/docker-laravel-vue/server/vendor/laravel/framework/src/Illuminate/Database/Migrations/Migrator.php(585): Illuminate\\Database\\Migrations\\DatabaseMigrationRepository->repositoryExists()
#5 /Users/nonshi0830/Desktop/HobbyProgram/lara-vue/docker-laravel-vue/server/vendor/laravel/framework/src/Illuminate/Database/Console/Migrations/MigrateCommand.php(91): Illuminate\\Database\\Migrations\\Migrator->repositoryExists()
#6 /Users/nonshi0830/Desktop/HobbyProgram/lara-vue/docker-laravel-vue/server/vendor/laravel/framework/src/Illuminate/Database/Console/Migrations/MigrateCommand.php(63): Illuminate\\Database\\Console\\Migrations\\MigrateCommand->prepareDatabase()
#7 [internal function]: Illuminate\\Database\\Console\\Migrations\\MigrateCommand->handle()
#8 /Users/nonshi0830/Desktop/HobbyProgram/lara-vue/docker-laravel-vue/server/vendor/laravel/framework/src/Illuminate/Container/BoundMethod.php(32): call_user_func_array(Array, Array)
#9 /Users/nonshi0830/Desktop/HobbyProgram/lara-vue/docker-laravel-vue/server/vendor/laravel/framework/src/Illuminate/Container/BoundMethod.php(90): Illuminate\\Container\\BoundMethod::Illuminate\\Container\\{closure}()
#10 /Users/nonshi0830/Desktop/HobbyProgram/lara-vue/docker-laravel-vue/server/vendor/laravel/framework/src/Illuminate/Container/BoundMethod.php(34): Illuminate\\Container\\BoundMethod::callBoundMethod(Object(Illuminate\\Foundation\\Application), Array, Object(Closure))
#11 /Users/nonshi0830/Desktop/HobbyProgram/lara-vue/docker-laravel-vue/server/vendor/laravel/framework/src/Illuminate/Container/Container.php(591): Illuminate\\Container\\BoundMethod::call(Object(Illuminate\\Foundation\\Application), Array, Array, NULL)
#12 /Users/nonshi0830/Desktop/HobbyProgram/lara-vue/docker-laravel-vue/server/vendor/laravel/framework/src/Illuminate/Console/Command.php(192): Illuminate\\Container\\Container->call(Array)
#13 /Users/nonshi0830/Desktop/HobbyProgram/lara-vue/docker-laravel-vue/server/vendor/symfony/console/Command/Command.php(255): Illuminate\\Console\\Command->execute(Object(Symfony\\Component\\Console\\Input\\ArgvInput), Object(Illuminate\\Console\\OutputStyle))
#14 /Users/nonshi0830/Desktop/HobbyProgram/lara-vue/docker-laravel-vue/server/vendor/laravel/framework/src/Illuminate/Console/Command.php(179): Symfony\\Component\\Console\\Command\\Command->run(Object(Symfony\\Component\\Console\\Input\\ArgvInput), Object(Illuminate\\Console\\OutputStyle))
#15 /Users/nonshi0830/Desktop/HobbyProgram/lara-vue/docker-laravel-vue/server/vendor/symfony/console/Application.php(915): Illuminate\\Console\\Command->run(Object(Symfony\\Component\\Console\\Input\\ArgvInput), Object(Symfony\\Component\\Console\\Output\\ConsoleOutput))
#16 /Users/nonshi0830/Desktop/HobbyProgram/lara-vue/docker-laravel-vue/server/vendor/symfony/console/Application.php(272): Symfony\\Component\\Console\\Application->doRunCommand(Object(Illuminate\\Database\\Console\\Migrations\\MigrateCommand), Object(Symfony\\Component\\Console\\Input\\ArgvInput), Object(Symfony\\Component\\Console\\Output\\ConsoleOutput))
#17 /Users/nonshi0830/Desktop/HobbyProgram/lara-vue/docker-laravel-vue/server/vendor/symfony/console/Application.php(148): Symfony\\Component\\Console\\Application->doRun(Object(Symfony\\Component\\Console\\Input\\ArgvInput), Object(Symfony\\Component\\Console\\Output\\ConsoleOutput))
#18 /Users/nonshi0830/Desktop/HobbyProgram/lara-vue/docker-laravel-vue/server/vendor/laravel/framework/src/Illuminate/Console/Application.php(90): Symfony\\Component\\Console\\Application->run(Object(Symfony\\Component\\Console\\Input\\ArgvInput), Object(Symfony\\Component\\Console\\Output\\ConsoleOutput))
#19 /Users/nonshi0830/Desktop/HobbyProgram/lara-vue/docker-laravel-vue/server/vendor/laravel/framework/src/Illuminate/Foundation/Console/Kernel.php(131): Illuminate\\Console\\Application->run(Object(Symfony\\Component\\Console\\Input\\ArgvInput), Object(Symfony\\Component\\Console\\Output\\ConsoleOutput))
#20 /Users/nonshi0830/Desktop/HobbyProgram/lara-vue/docker-laravel-vue/server/artisan(37): Illuminate\\Foundation\\Console\\Kernel->handle(Object(Symfony\\Component\\Console\\Input\\ArgvInput), Object(Symfony\\Component\\Console\\Output\\ConsoleOutput))
#21 {main}

[previous exception] [object] (PDOException(code: 2002): SQLSTATE[HY000] [2002] Socket operation on non-socket at /Users/nonshi0830/Desktop/HobbyProgram/lara-vue/docker-laravel-vue/server/vendor/laravel/framework/src/Illuminate/Database/Connectors/Connector.php:70)
[stacktrace]
#0 /Users/nonshi0830/Desktop/HobbyProgram/lara-vue/docker-laravel-vue/server/vendor/laravel/framework/src/Illuminate/Database/Connectors/Connector.php(70): PDO->__construct('mysql:unix_sock...', 'docker', 'docker', Array)
#1 /Users/nonshi0830/Desktop/HobbyProgram/lara-vue/docker-laravel-vue/server/vendor/laravel/framework/src/Illuminate/Database/Connectors/Connector.php(46): Illuminate\\Database\\Connectors\\Connector->createPdoConnection('mysql:unix_sock...', 'docker', 'docker', Array)
#2 /Users/nonshi0830/Desktop/HobbyProgram/lara-vue/docker-laravel-vue/server/vendor/laravel/framework/src/Illuminate/Database/Connectors/MySqlConnector.php(24): Illuminate\\Database\\Connectors\\Connector->createConnection('mysql:unix_sock...', Array, Array)
#3 /Users/nonshi0830/Desktop/HobbyProgram/lara-vue/docker-laravel-vue/server/vendor/laravel/framework/src/Illuminate/Database/Connectors/ConnectionFactory.php(182): Illuminate\\Database\\Connectors\\MySqlConnector->connect(Array)
#4 [internal function]: Illuminate\\Database\\Connectors\\ConnectionFactory->Illuminate\\Database\\Connectors\\{closure}()
#5 /Users/nonshi0830/Desktop/HobbyProgram/lara-vue/docker-laravel-vue/server/vendor/laravel/framework/src/Illuminate/Database/Connection.php(920): call_user_func(Object(Closure))
#6 /Users/nonshi0830/Desktop/HobbyProgram/lara-vue/docker-laravel-vue/server/vendor/laravel/framework/src/Illuminate/Database/Connection.php(945): Illuminate\\Database\\Connection->getPdo()
#7 /Users/nonshi0830/Desktop/HobbyProgram/lara-vue/docker-laravel-vue/server/vendor/laravel/framework/src/Illuminate/Database/Connection.php(400): Illuminate\\Database\\Connection->getReadPdo()
#8 /Users/nonshi0830/Desktop/HobbyProgram/lara-vue/docker-laravel-vue/server/vendor/laravel/framework/src/Illuminate/Database/Connection.php(326): Illuminate\\Database\\Connection->getPdoForSelect(true)
#9 /Users/nonshi0830/Desktop/HobbyProgram/lara-vue/docker-laravel-vue/server/vendor/laravel/framework/src/Illuminate/Database/Connection.php(658): Illuminate\\Database\\Connection->Illuminate\\Database\\{closure}('select * from i...', Array)
#10 /Users/nonshi0830/Desktop/HobbyProgram/lara-vue/docker-laravel-vue/server/vendor/laravel/framework/src/Illuminate/Database/Connection.php(625): Illuminate\\Database\\Connection->runQueryCallback('select * from i...', Array, Object(Closure))
#11 /Users/nonshi0830/Desktop/HobbyProgram/lara-vue/docker-laravel-vue/server/vendor/laravel/framework/src/Illuminate/Database/Connection.php(334): Illuminate\\Database\\Connection->run('select * from i...', Array, Object(Closure))
#12 /Users/nonshi0830/Desktop/HobbyProgram/lara-vue/docker-laravel-vue/server/vendor/laravel/framework/src/Illuminate/Database/Schema/MySqlBuilder.php(18): Illuminate\\Database\\Connection->select('select * from i...', Array)
#13 /Users/nonshi0830/Desktop/HobbyProgram/lara-vue/docker-laravel-vue/server/vendor/laravel/framework/src/Illuminate/Database/Migrations/DatabaseMigrationRepository.php(169): Illuminate\\Database\\Schema\\MySqlBuilder->hasTable('migrations')
#14 /Users/nonshi0830/Desktop/HobbyProgram/lara-vue/docker-laravel-vue/server/vendor/laravel/framework/src/Illuminate/Database/Migrations/Migrator.php(585): Illuminate\\Database\\Migrations\\DatabaseMigrationRepository->repositoryExists()
#15 /Users/nonshi0830/Desktop/HobbyProgram/lara-vue/docker-laravel-vue/server/vendor/laravel/framework/src/Illuminate/Database/Console/Migrations/MigrateCommand.php(91): Illuminate\\Database\\Migrations\\Migrator->repositoryExists()
#16 /Users/nonshi0830/Desktop/HobbyProgram/lara-vue/docker-laravel-vue/server/vendor/laravel/framework/src/Illuminate/Database/Console/Migrations/MigrateCommand.php(63): Illuminate\\Database\\Console\\Migrations\\MigrateCommand->prepareDatabase()
#17 [internal function]: Illuminate\\Database\\Console\\Migrations\\MigrateCommand->handle()
#18 /Users/nonshi0830/Desktop/HobbyProgram/lara-vue/docker-laravel-vue/server/vendor/laravel/framework/src/Illuminate/Container/BoundMethod.php(32): call_user_func_array(Array, Array)
#19 /Users/nonshi0830/Desktop/HobbyProgram/lara-vue/docker-laravel-vue/server/vendor/laravel/framework/src/Illuminate/Container/BoundMethod.php(90): Illuminate\\Container\\BoundMethod::Illuminate\\Container\\{closure}()
#20 /Users/nonshi0830/Desktop/HobbyProgram/lara-vue/docker-laravel-vue/server/vendor/laravel/framework/src/Illuminate/Container/BoundMethod.php(34): Illuminate\\Container\\BoundMethod::callBoundMethod(Object(Illuminate\\Foundation\\Application), Array, Object(Closure))
#21 /Users/nonshi0830/Desktop/HobbyProgram/lara-vue/docker-laravel-vue/server/vendor/laravel/framework/src/Illuminate/Container/Container.php(591): Illuminate\\Container\\BoundMethod::call(Object(Illuminate\\Foundation\\Application), Array, Array, NULL)
#22 /Users/nonshi0830/Desktop/HobbyProgram/lara-vue/docker-laravel-vue/server/vendor/laravel/framework/src/Illuminate/Console/Command.php(192): Illuminate\\Container\\Container->call(Array)
#23 /Users/nonshi0830/Desktop/HobbyProgram/lara-vue/docker-laravel-vue/server/vendor/symfony/console/Command/Command.php(255): Illuminate\\Console\\Command->execute(Object(Symfony\\Component\\Console\\Input\\ArgvInput), Object(Illuminate\\Console\\OutputStyle))
#24 /Users/nonshi0830/Desktop/HobbyProgram/lara-vue/docker-laravel-vue/server/vendor/laravel/framework/src/Illuminate/Console/Command.php(179): Symfony\\Component\\Console\\Command\\Command->run(Object(Symfony\\Component\\Console\\Input\\ArgvInput), Object(Illuminate\\Console\\OutputStyle))
#25 /Users/nonshi0830/Desktop/HobbyProgram/lara-vue/docker-laravel-vue/server/vendor/symfony/console/Application.php(915): Illuminate\\Console\\Command->run(Object(Symfony\\Component\\Console\\Input\\ArgvInput), Object(Symfony\\Component\\Console\\Output\\ConsoleOutput))
#26 /Users/nonshi0830/Desktop/HobbyProgram/lara-vue/docker-laravel-vue/server/vendor/symfony/console/Application.php(272): Symfony\\Component\\Console\\Application->doRunCommand(Object(Illuminate\\Database\\Console\\Migrations\\MigrateCommand), Object(Symfony\\Component\\Console\\Input\\ArgvInput), Object(Symfony\\Component\\Console\\Output\\ConsoleOutput))
#27 /Users/nonshi0830/Desktop/HobbyProgram/lara-vue/docker-laravel-vue/server/vendor/symfony/console/Application.php(148): Symfony\\Component\\Console\\Application->doRun(Object(Symfony\\Component\\Console\\Input\\ArgvInput), Object(Symfony\\Component\\Console\\Output\\ConsoleOutput))
#28 /Users/nonshi0830/Desktop/HobbyProgram/lara-vue/docker-laravel-vue/server/vendor/laravel/framework/src/Illuminate/Console/Application.php(90): Symfony\\Component\\Console\\Application->run(Object(Symfony\\Component\\Console\\Input\\ArgvInput), Object(Symfony\\Component\\Console\\Output\\ConsoleOutput))
#29 /Users/nonshi0830/Desktop/HobbyProgram/lara-vue/docker-laravel-vue/server/vendor/laravel/framework/src/Illuminate/Foundation/Console/Kernel.php(131): Illuminate\\Console\\Application->run(Object(Symfony\\Component\\Console\\Input\\ArgvInput), Object(Symfony\\Component\\Console\\Output\\ConsoleOutput))
#30 /Users/nonshi0830/Desktop/HobbyProgram/lara-vue/docker-laravel-vue/server/artisan(37): Illuminate\\Foundation\\Console\\Kernel->handle(Object(Symfony\\Component\\Console\\Input\\ArgvInput), Object(Symfony\\Component\\Console\\Output\\ConsoleOutput))
#31 {main}
"} 
[2019-09-23 06:09:27] local.ERROR: SQLSTATE[HY000] [2002] Socket operation on non-socket (SQL: select * from information_schema.tables where table_schema = db and table_name = migrations and table_type = 'BASE TABLE') {"exception":"[object] (Illuminate\\Database\\QueryException(code: 2002): SQLSTATE[HY000] [2002] Socket operation on non-socket (SQL: select * from information_schema.tables where table_schema = db and table_name = migrations and table_type = 'BASE TABLE') at /Users/nonshi0830/Desktop/HobbyProgram/lara-vue/docker-laravel-vue/server/vendor/laravel/framework/src/Illuminate/Database/Connection.php:665)
[stacktrace]
#0 /Users/nonshi0830/Desktop/HobbyProgram/lara-vue/docker-laravel-vue/server/vendor/laravel/framework/src/Illuminate/Database/Connection.php(625): Illuminate\\Database\\Connection->runQueryCallback('select * from i...', Array, Object(Closure))
#1 /Users/nonshi0830/Desktop/HobbyProgram/lara-vue/docker-laravel-vue/server/vendor/laravel/framework/src/Illuminate/Database/Connection.php(334): Illuminate\\Database\\Connection->run('select * from i...', Array, Object(Closure))
#2 /Users/nonshi0830/Desktop/HobbyProgram/lara-vue/docker-laravel-vue/server/vendor/laravel/framework/src/Illuminate/Database/Schema/MySqlBuilder.php(18): Illuminate\\Database\\Connection->select('select * from i...', Array)
#3 /Users/nonshi0830/Desktop/HobbyProgram/lara-vue/docker-laravel-vue/server/vendor/laravel/framework/src/Illuminate/Database/Migrations/DatabaseMigrationRepository.php(169): Illuminate\\Database\\Schema\\MySqlBuilder->hasTable('migrations')
#4 /Users/nonshi0830/Desktop/HobbyProgram/lara-vue/docker-laravel-vue/server/vendor/laravel/framework/src/Illuminate/Database/Migrations/Migrator.php(585): Illuminate\\Database\\Migrations\\DatabaseMigrationRepository->repositoryExists()
#5 /Users/nonshi0830/Desktop/HobbyProgram/lara-vue/docker-laravel-vue/server/vendor/laravel/framework/src/Illuminate/Database/Console/Migrations/MigrateCommand.php(91): Illuminate\\Database\\Migrations\\Migrator->repositoryExists()
#6 /Users/nonshi0830/Desktop/HobbyProgram/lara-vue/docker-laravel-vue/server/vendor/laravel/framework/src/Illuminate/Database/Console/Migrations/MigrateCommand.php(63): Illuminate\\Database\\Console\\Migrations\\MigrateCommand->prepareDatabase()
#7 [internal function]: Illuminate\\Database\\Console\\Migrations\\MigrateCommand->handle()
#8 /Users/nonshi0830/Desktop/HobbyProgram/lara-vue/docker-laravel-vue/server/vendor/laravel/framework/src/Illuminate/Container/BoundMethod.php(32): call_user_func_array(Array, Array)
#9 /Users/nonshi0830/Desktop/HobbyProgram/lara-vue/docker-laravel-vue/server/vendor/laravel/framework/src/Illuminate/Container/BoundMethod.php(90): Illuminate\\Container\\BoundMethod::Illuminate\\Container\\{closure}()
#10 /Users/nonshi0830/Desktop/HobbyProgram/lara-vue/docker-laravel-vue/server/vendor/laravel/framework/src/Illuminate/Container/BoundMethod.php(34): Illuminate\\Container\\BoundMethod::callBoundMethod(Object(Illuminate\\Foundation\\Application), Array, Object(Closure))
#11 /Users/nonshi0830/Desktop/HobbyProgram/lara-vue/docker-laravel-vue/server/vendor/laravel/framework/src/Illuminate/Container/Container.php(591): Illuminate\\Container\\BoundMethod::call(Object(Illuminate\\Foundation\\Application), Array, Array, NULL)
#12 /Users/nonshi0830/Desktop/HobbyProgram/lara-vue/docker-laravel-vue/server/vendor/laravel/framework/src/Illuminate/Console/Command.php(192): Illuminate\\Container\\Container->call(Array)
#13 /Users/nonshi0830/Desktop/HobbyProgram/lara-vue/docker-laravel-vue/server/vendor/symfony/console/Command/Command.php(255): Illuminate\\Console\\Command->execute(Object(Symfony\\Component\\Console\\Input\\ArgvInput), Object(Illuminate\\Console\\OutputStyle))
#14 /Users/nonshi0830/Desktop/HobbyProgram/lara-vue/docker-laravel-vue/server/vendor/laravel/framework/src/Illuminate/Console/Command.php(179): Symfony\\Component\\Console\\Command\\Command->run(Object(Symfony\\Component\\Console\\Input\\ArgvInput), Object(Illuminate\\Console\\OutputStyle))
#15 /Users/nonshi0830/Desktop/HobbyProgram/lara-vue/docker-laravel-vue/server/vendor/symfony/console/Application.php(915): Illuminate\\Console\\Command->run(Object(Symfony\\Component\\Console\\Input\\ArgvInput), Object(Symfony\\Component\\Console\\Output\\ConsoleOutput))
#16 /Users/nonshi0830/Desktop/HobbyProgram/lara-vue/docker-laravel-vue/server/vendor/symfony/console/Application.php(272): Symfony\\Component\\Console\\Application->doRunCommand(Object(Illuminate\\Database\\Console\\Migrations\\MigrateCommand), Object(Symfony\\Component\\Console\\Input\\ArgvInput), Object(Symfony\\Component\\Console\\Output\\ConsoleOutput))
#17 /Users/nonshi0830/Desktop/HobbyProgram/lara-vue/docker-laravel-vue/server/vendor/symfony/console/Application.php(148): Symfony\\Component\\Console\\Application->doRun(Object(Symfony\\Component\\Console\\Input\\ArgvInput), Object(Symfony\\Component\\Console\\Output\\ConsoleOutput))
#18 /Users/nonshi0830/Desktop/HobbyProgram/lara-vue/docker-laravel-vue/server/vendor/laravel/framework/src/Illuminate/Console/Application.php(90): Symfony\\Component\\Console\\Application->run(Object(Symfony\\Component\\Console\\Input\\ArgvInput), Object(Symfony\\Component\\Console\\Output\\ConsoleOutput))
#19 /Users/nonshi0830/Desktop/HobbyProgram/lara-vue/docker-laravel-vue/server/vendor/laravel/framework/src/Illuminate/Foundation/Console/Kernel.php(131): Illuminate\\Console\\Application->run(Object(Symfony\\Component\\Console\\Input\\ArgvInput), Object(Symfony\\Component\\Console\\Output\\ConsoleOutput))
#20 /Users/nonshi0830/Desktop/HobbyProgram/lara-vue/docker-laravel-vue/server/artisan(37): Illuminate\\Foundation\\Console\\Kernel->handle(Object(Symfony\\Component\\Console\\Input\\ArgvInput), Object(Symfony\\Component\\Console\\Output\\ConsoleOutput))
#21 {main}

[previous exception] [object] (PDOException(code: 2002): SQLSTATE[HY000] [2002] Socket operation on non-socket at /Users/nonshi0830/Desktop/HobbyProgram/lara-vue/docker-laravel-vue/server/vendor/laravel/framework/src/Illuminate/Database/Connectors/Connector.php:70)
[stacktrace]
#0 /Users/nonshi0830/Desktop/HobbyProgram/lara-vue/docker-laravel-vue/server/vendor/laravel/framework/src/Illuminate/Database/Connectors/Connector.php(70): PDO->__construct('mysql:unix_sock...', 'docker', 'docker', Array)
#1 /Users/nonshi0830/Desktop/HobbyProgram/lara-vue/docker-laravel-vue/server/vendor/laravel/framework/src/Illuminate/Database/Connectors/Connector.php(46): Illuminate\\Database\\Connectors\\Connector->createPdoConnection('mysql:unix_sock...', 'docker', 'docker', Array)
#2 /Users/nonshi0830/Desktop/HobbyProgram/lara-vue/docker-laravel-vue/server/vendor/laravel/framework/src/Illuminate/Database/Connectors/MySqlConnector.php(24): Illuminate\\Database\\Connectors\\Connector->createConnection('mysql:unix_sock...', Array, Array)
#3 /Users/nonshi0830/Desktop/HobbyProgram/lara-vue/docker-laravel-vue/server/vendor/laravel/framework/src/Illuminate/Database/Connectors/ConnectionFactory.php(182): Illuminate\\Database\\Connectors\\MySqlConnector->connect(Array)
#4 [internal function]: Illuminate\\Database\\Connectors\\ConnectionFactory->Illuminate\\Database\\Connectors\\{closure}()
#5 /Users/nonshi0830/Desktop/HobbyProgram/lara-vue/docker-laravel-vue/server/vendor/laravel/framework/src/Illuminate/Database/Connection.php(920): call_user_func(Object(Closure))
#6 /Users/nonshi0830/Desktop/HobbyProgram/lara-vue/docker-laravel-vue/server/vendor/laravel/framework/src/Illuminate/Database/Connection.php(945): Illuminate\\Database\\Connection->getPdo()
#7 /Users/nonshi0830/Desktop/HobbyProgram/lara-vue/docker-laravel-vue/server/vendor/laravel/framework/src/Illuminate/Database/Connection.php(400): Illuminate\\Database\\Connection->getReadPdo()
#8 /Users/nonshi0830/Desktop/HobbyProgram/lara-vue/docker-laravel-vue/server/vendor/laravel/framework/src/Illuminate/Database/Connection.php(326): Illuminate\\Database\\Connection->getPdoForSelect(true)
#9 /Users/nonshi0830/Desktop/HobbyProgram/lara-vue/docker-laravel-vue/server/vendor/laravel/framework/src/Illuminate/Database/Connection.php(658): Illuminate\\Database\\Connection->Illuminate\\Database\\{closure}('select * from i...', Array)
#10 /Users/nonshi0830/Desktop/HobbyProgram/lara-vue/docker-laravel-vue/server/vendor/laravel/framework/src/Illuminate/Database/Connection.php(625): Illuminate\\Database\\Connection->runQueryCallback('select * from i...', Array, Object(Closure))
#11 /Users/nonshi0830/Desktop/HobbyProgram/lara-vue/docker-laravel-vue/server/vendor/laravel/framework/src/Illuminate/Database/Connection.php(334): Illuminate\\Database\\Connection->run('select * from i...', Array, Object(Closure))
#12 /Users/nonshi0830/Desktop/HobbyProgram/lara-vue/docker-laravel-vue/server/vendor/laravel/framework/src/Illuminate/Database/Schema/MySqlBuilder.php(18): Illuminate\\Database\\Connection->select('select * from i...', Array)
#13 /Users/nonshi0830/Desktop/HobbyProgram/lara-vue/docker-laravel-vue/server/vendor/laravel/framework/src/Illuminate/Database/Migrations/DatabaseMigrationRepository.php(169): Illuminate\\Database\\Schema\\MySqlBuilder->hasTable('migrations')
#14 /Users/nonshi0830/Desktop/HobbyProgram/lara-vue/docker-laravel-vue/server/vendor/laravel/framework/src/Illuminate/Database/Migrations/Migrator.php(585): Illuminate\\Database\\Migrations\\DatabaseMigrationRepository->repositoryExists()
#15 /Users/nonshi0830/Desktop/HobbyProgram/lara-vue/docker-laravel-vue/server/vendor/laravel/framework/src/Illuminate/Database/Console/Migrations/MigrateCommand.php(91): Illuminate\\Database\\Migrations\\Migrator->repositoryExists()
#16 /Users/nonshi0830/Desktop/HobbyProgram/lara-vue/docker-laravel-vue/server/vendor/laravel/framework/src/Illuminate/Database/Console/Migrations/MigrateCommand.php(63): Illuminate\\Database\\Console\\Migrations\\MigrateCommand->prepareDatabase()
#17 [internal function]: Illuminate\\Database\\Console\\Migrations\\MigrateCommand->handle()
#18 /Users/nonshi0830/Desktop/HobbyProgram/lara-vue/docker-laravel-vue/server/vendor/laravel/framework/src/Illuminate/Container/BoundMethod.php(32): call_user_func_array(Array, Array)
#19 /Users/nonshi0830/Desktop/HobbyProgram/lara-vue/docker-laravel-vue/server/vendor/laravel/framework/src/Illuminate/Container/BoundMethod.php(90): Illuminate\\Container\\BoundMethod::Illuminate\\Container\\{closure}()
#20 /Users/nonshi0830/Desktop/HobbyProgram/lara-vue/docker-laravel-vue/server/vendor/laravel/framework/src/Illuminate/Container/BoundMethod.php(34): Illuminate\\Container\\BoundMethod::callBoundMethod(Object(Illuminate\\Foundation\\Application), Array, Object(Closure))
#21 /Users/nonshi0830/Desktop/HobbyProgram/lara-vue/docker-laravel-vue/server/vendor/laravel/framework/src/Illuminate/Container/Container.php(591): Illuminate\\Container\\BoundMethod::call(Object(Illuminate\\Foundation\\Application), Array, Array, NULL)
#22 /Users/nonshi0830/Desktop/HobbyProgram/lara-vue/docker-laravel-vue/server/vendor/laravel/framework/src/Illuminate/Console/Command.php(192): Illuminate\\Container\\Container->call(Array)
#23 /Users/nonshi0830/Desktop/HobbyProgram/lara-vue/docker-laravel-vue/server/vendor/symfony/console/Command/Command.php(255): Illuminate\\Console\\Command->execute(Object(Symfony\\Component\\Console\\Input\\ArgvInput), Object(Illuminate\\Console\\OutputStyle))
#24 /Users/nonshi0830/Desktop/HobbyProgram/lara-vue/docker-laravel-vue/server/vendor/laravel/framework/src/Illuminate/Console/Command.php(179): Symfony\\Component\\Console\\Command\\Command->run(Object(Symfony\\Component\\Console\\Input\\ArgvInput), Object(Illuminate\\Console\\OutputStyle))
#25 /Users/nonshi0830/Desktop/HobbyProgram/lara-vue/docker-laravel-vue/server/vendor/symfony/console/Application.php(915): Illuminate\\Console\\Command->run(Object(Symfony\\Component\\Console\\Input\\ArgvInput), Object(Symfony\\Component\\Console\\Output\\ConsoleOutput))
#26 /Users/nonshi0830/Desktop/HobbyProgram/lara-vue/docker-laravel-vue/server/vendor/symfony/console/Application.php(272): Symfony\\Component\\Console\\Application->doRunCommand(Object(Illuminate\\Database\\Console\\Migrations\\MigrateCommand), Object(Symfony\\Component\\Console\\Input\\ArgvInput), Object(Symfony\\Component\\Console\\Output\\ConsoleOutput))
#27 /Users/nonshi0830/Desktop/HobbyProgram/lara-vue/docker-laravel-vue/server/vendor/symfony/console/Application.php(148): Symfony\\Component\\Console\\Application->doRun(Object(Symfony\\Component\\Console\\Input\\ArgvInput), Object(Symfony\\Component\\Console\\Output\\ConsoleOutput))
#28 /Users/nonshi0830/Desktop/HobbyProgram/lara-vue/docker-laravel-vue/server/vendor/laravel/framework/src/Illuminate/Console/Application.php(90): Symfony\\Component\\Console\\Application->run(Object(Symfony\\Component\\Console\\Input\\ArgvInput), Object(Symfony\\Component\\Console\\Output\\ConsoleOutput))
#29 /Users/nonshi0830/Desktop/HobbyProgram/lara-vue/docker-laravel-vue/server/vendor/laravel/framework/src/Illuminate/Foundation/Console/Kernel.php(131): Illuminate\\Console\\Application->run(Object(Symfony\\Component\\Console\\Input\\ArgvInput), Object(Symfony\\Component\\Console\\Output\\ConsoleOutput))
#30 /Users/nonshi0830/Desktop/HobbyProgram/lara-vue/docker-laravel-vue/server/artisan(37): Illuminate\\Foundation\\Console\\Kernel->handle(Object(Symfony\\Component\\Console\\Input\\ArgvInput), Object(Symfony\\Component\\Console\\Output\\ConsoleOutput))
#31 {main}
"} 
[2019-09-23 06:09:45] local.ERROR: SQLSTATE[HY000] [2002] Socket operation on non-socket (SQL: select * from information_schema.tables where table_schema = db and table_name = migrations and table_type = 'BASE TABLE') {"exception":"[object] (Illuminate\\Database\\QueryException(code: 2002): SQLSTATE[HY000] [2002] Socket operation on non-socket (SQL: select * from information_schema.tables where table_schema = db and table_name = migrations and table_type = 'BASE TABLE') at /Users/nonshi0830/Desktop/HobbyProgram/lara-vue/docker-laravel-vue/server/vendor/laravel/framework/src/Illuminate/Database/Connection.php:665)
[stacktrace]
#0 /Users/nonshi0830/Desktop/HobbyProgram/lara-vue/docker-laravel-vue/server/vendor/laravel/framework/src/Illuminate/Database/Connection.php(625): Illuminate\\Database\\Connection->runQueryCallback('select * from i...', Array, Object(Closure))
#1 /Users/nonshi0830/Desktop/HobbyProgram/lara-vue/docker-laravel-vue/server/vendor/laravel/framework/src/Illuminate/Database/Connection.php(334): Illuminate\\Database\\Connection->run('select * from i...', Array, Object(Closure))
#2 /Users/nonshi0830/Desktop/HobbyProgram/lara-vue/docker-laravel-vue/server/vendor/laravel/framework/src/Illuminate/Database/Schema/MySqlBuilder.php(18): Illuminate\\Database\\Connection->select('select * from i...', Array)
#3 /Users/nonshi0830/Desktop/HobbyProgram/lara-vue/docker-laravel-vue/server/vendor/laravel/framework/src/Illuminate/Database/Migrations/DatabaseMigrationRepository.php(169): Illuminate\\Database\\Schema\\MySqlBuilder->hasTable('migrations')
#4 /Users/nonshi0830/Desktop/HobbyProgram/lara-vue/docker-laravel-vue/server/vendor/laravel/framework/src/Illuminate/Database/Migrations/Migrator.php(585): Illuminate\\Database\\Migrations\\DatabaseMigrationRepository->repositoryExists()
#5 /Users/nonshi0830/Desktop/HobbyProgram/lara-vue/docker-laravel-vue/server/vendor/laravel/framework/src/Illuminate/Database/Console/Migrations/MigrateCommand.php(91): Illuminate\\Database\\Migrations\\Migrator->repositoryExists()
#6 /Users/nonshi0830/Desktop/HobbyProgram/lara-vue/docker-laravel-vue/server/vendor/laravel/framework/src/Illuminate/Database/Console/Migrations/MigrateCommand.php(63): Illuminate\\Database\\Console\\Migrations\\MigrateCommand->prepareDatabase()
#7 [internal function]: Illuminate\\Database\\Console\\Migrations\\MigrateCommand->handle()
#8 /Users/nonshi0830/Desktop/HobbyProgram/lara-vue/docker-laravel-vue/server/vendor/laravel/framework/src/Illuminate/Container/BoundMethod.php(32): call_user_func_array(Array, Array)
#9 /Users/nonshi0830/Desktop/HobbyProgram/lara-vue/docker-laravel-vue/server/vendor/laravel/framework/src/Illuminate/Container/BoundMethod.php(90): Illuminate\\Container\\BoundMethod::Illuminate\\Container\\{closure}()
#10 /Users/nonshi0830/Desktop/HobbyProgram/lara-vue/docker-laravel-vue/server/vendor/laravel/framework/src/Illuminate/Container/BoundMethod.php(34): Illuminate\\Container\\BoundMethod::callBoundMethod(Object(Illuminate\\Foundation\\Application), Array, Object(Closure))
#11 /Users/nonshi0830/Desktop/HobbyProgram/lara-vue/docker-laravel-vue/server/vendor/laravel/framework/src/Illuminate/Container/Container.php(591): Illuminate\\Container\\BoundMethod::call(Object(Illuminate\\Foundation\\Application), Array, Array, NULL)
#12 /Users/nonshi0830/Desktop/HobbyProgram/lara-vue/docker-laravel-vue/server/vendor/laravel/framework/src/Illuminate/Console/Command.php(192): Illuminate\\Container\\Container->call(Array)
#13 /Users/nonshi0830/Desktop/HobbyProgram/lara-vue/docker-laravel-vue/server/vendor/symfony/console/Command/Command.php(255): Illuminate\\Console\\Command->execute(Object(Symfony\\Component\\Console\\Input\\ArgvInput), Object(Illuminate\\Console\\OutputStyle))
#14 /Users/nonshi0830/Desktop/HobbyProgram/lara-vue/docker-laravel-vue/server/vendor/laravel/framework/src/Illuminate/Console/Command.php(179): Symfony\\Component\\Console\\Command\\Command->run(Object(Symfony\\Component\\Console\\Input\\ArgvInput), Object(Illuminate\\Console\\OutputStyle))
#15 /Users/nonshi0830/Desktop/HobbyProgram/lara-vue/docker-laravel-vue/server/vendor/symfony/console/Application.php(915): Illuminate\\Console\\Command->run(Object(Symfony\\Component\\Console\\Input\\ArgvInput), Object(Symfony\\Component\\Console\\Output\\ConsoleOutput))
#16 /Users/nonshi0830/Desktop/HobbyProgram/lara-vue/docker-laravel-vue/server/vendor/symfony/console/Application.php(272): Symfony\\Component\\Console\\Application->doRunCommand(Object(Illuminate\\Database\\Console\\Migrations\\MigrateCommand), Object(Symfony\\Component\\Console\\Input\\ArgvInput), Object(Symfony\\Component\\Console\\Output\\ConsoleOutput))
#17 /Users/nonshi0830/Desktop/HobbyProgram/lara-vue/docker-laravel-vue/server/vendor/symfony/console/Application.php(148): Symfony\\Component\\Console\\Application->doRun(Object(Symfony\\Component\\Console\\Input\\ArgvInput), Object(Symfony\\Component\\Console\\Output\\ConsoleOutput))
#18 /Users/nonshi0830/Desktop/HobbyProgram/lara-vue/docker-laravel-vue/server/vendor/laravel/framework/src/Illuminate/Console/Application.php(90): Symfony\\Component\\Console\\Application->run(Object(Symfony\\Component\\Console\\Input\\ArgvInput), Object(Symfony\\Component\\Console\\Output\\ConsoleOutput))
#19 /Users/nonshi0830/Desktop/HobbyProgram/lara-vue/docker-laravel-vue/server/vendor/laravel/framework/src/Illuminate/Foundation/Console/Kernel.php(131): Illuminate\\Console\\Application->run(Object(Symfony\\Component\\Console\\Input\\ArgvInput), Object(Symfony\\Component\\Console\\Output\\ConsoleOutput))
#20 /Users/nonshi0830/Desktop/HobbyProgram/lara-vue/docker-laravel-vue/server/artisan(37): Illuminate\\Foundation\\Console\\Kernel->handle(Object(Symfony\\Component\\Console\\Input\\ArgvInput), Object(Symfony\\Component\\Console\\Output\\ConsoleOutput))
#21 {main}

[previous exception] [object] (PDOException(code: 2002): SQLSTATE[HY000] [2002] Socket operation on non-socket at /Users/nonshi0830/Desktop/HobbyProgram/lara-vue/docker-laravel-vue/server/vendor/laravel/framework/src/Illuminate/Database/Connectors/Connector.php:70)
[stacktrace]
#0 /Users/nonshi0830/Desktop/HobbyProgram/lara-vue/docker-laravel-vue/server/vendor/laravel/framework/src/Illuminate/Database/Connectors/Connector.php(70): PDO->__construct('mysql:unix_sock...', 'docker', 'docker', Array)
#1 /Users/nonshi0830/Desktop/HobbyProgram/lara-vue/docker-laravel-vue/server/vendor/laravel/framework/src/Illuminate/Database/Connectors/Connector.php(46): Illuminate\\Database\\Connectors\\Connector->createPdoConnection('mysql:unix_sock...', 'docker', 'docker', Array)
#2 /Users/nonshi0830/Desktop/HobbyProgram/lara-vue/docker-laravel-vue/server/vendor/laravel/framework/src/Illuminate/Database/Connectors/MySqlConnector.php(24): Illuminate\\Database\\Connectors\\Connector->createConnection('mysql:unix_sock...', Array, Array)
#3 /Users/nonshi0830/Desktop/HobbyProgram/lara-vue/docker-laravel-vue/server/vendor/laravel/framework/src/Illuminate/Database/Connectors/ConnectionFactory.php(182): Illuminate\\Database\\Connectors\\MySqlConnector->connect(Array)
#4 [internal function]: Illuminate\\Database\\Connectors\\ConnectionFactory->Illuminate\\Database\\Connectors\\{closure}()
#5 /Users/nonshi0830/Desktop/HobbyProgram/lara-vue/docker-laravel-vue/server/vendor/laravel/framework/src/Illuminate/Database/Connection.php(920): call_user_func(Object(Closure))
#6 /Users/nonshi0830/Desktop/HobbyProgram/lara-vue/docker-laravel-vue/server/vendor/laravel/framework/src/Illuminate/Database/Connection.php(945): Illuminate\\Database\\Connection->getPdo()
#7 /Users/nonshi0830/Desktop/HobbyProgram/lara-vue/docker-laravel-vue/server/vendor/laravel/framework/src/Illuminate/Database/Connection.php(400): Illuminate\\Database\\Connection->getReadPdo()
#8 /Users/nonshi0830/Desktop/HobbyProgram/lara-vue/docker-laravel-vue/server/vendor/laravel/framework/src/Illuminate/Database/Connection.php(326): Illuminate\\Database\\Connection->getPdoForSelect(true)
#9 /Users/nonshi0830/Desktop/HobbyProgram/lara-vue/docker-laravel-vue/server/vendor/laravel/framework/src/Illuminate/Database/Connection.php(658): Illuminate\\Database\\Connection->Illuminate\\Database\\{closure}('select * from i...', Array)
#10 /Users/nonshi0830/Desktop/HobbyProgram/lara-vue/docker-laravel-vue/server/vendor/laravel/framework/src/Illuminate/Database/Connection.php(625): Illuminate\\Database\\Connection->runQueryCallback('select * from i...', Array, Object(Closure))
#11 /Users/nonshi0830/Desktop/HobbyProgram/lara-vue/docker-laravel-vue/server/vendor/laravel/framework/src/Illuminate/Database/Connection.php(334): Illuminate\\Database\\Connection->run('select * from i...', Array, Object(Closure))
#12 /Users/nonshi0830/Desktop/HobbyProgram/lara-vue/docker-laravel-vue/server/vendor/laravel/framework/src/Illuminate/Database/Schema/MySqlBuilder.php(18): Illuminate\\Database\\Connection->select('select * from i...', Array)
#13 /Users/nonshi0830/Desktop/HobbyProgram/lara-vue/docker-laravel-vue/server/vendor/laravel/framework/src/Illuminate/Database/Migrations/DatabaseMigrationRepository.php(169): Illuminate\\Database\\Schema\\MySqlBuilder->hasTable('migrations')
#14 /Users/nonshi0830/Desktop/HobbyProgram/lara-vue/docker-laravel-vue/server/vendor/laravel/framework/src/Illuminate/Database/Migrations/Migrator.php(585): Illuminate\\Database\\Migrations\\DatabaseMigrationRepository->repositoryExists()
#15 /Users/nonshi0830/Desktop/HobbyProgram/lara-vue/docker-laravel-vue/server/vendor/laravel/framework/src/Illuminate/Database/Console/Migrations/MigrateCommand.php(91): Illuminate\\Database\\Migrations\\Migrator->repositoryExists()
#16 /Users/nonshi0830/Desktop/HobbyProgram/lara-vue/docker-laravel-vue/server/vendor/laravel/framework/src/Illuminate/Database/Console/Migrations/MigrateCommand.php(63): Illuminate\\Database\\Console\\Migrations\\MigrateCommand->prepareDatabase()
#17 [internal function]: Illuminate\\Database\\Console\\Migrations\\MigrateCommand->handle()
#18 /Users/nonshi0830/Desktop/HobbyProgram/lara-vue/docker-laravel-vue/server/vendor/laravel/framework/src/Illuminate/Container/BoundMethod.php(32): call_user_func_array(Array, Array)
#19 /Users/nonshi0830/Desktop/HobbyProgram/lara-vue/docker-laravel-vue/server/vendor/laravel/framework/src/Illuminate/Container/BoundMethod.php(90): Illuminate\\Container\\BoundMethod::Illuminate\\Container\\{closure}()
#20 /Users/nonshi0830/Desktop/HobbyProgram/lara-vue/docker-laravel-vue/server/vendor/laravel/framework/src/Illuminate/Container/BoundMethod.php(34): Illuminate\\Container\\BoundMethod::callBoundMethod(Object(Illuminate\\Foundation\\Application), Array, Object(Closure))
#21 /Users/nonshi0830/Desktop/HobbyProgram/lara-vue/docker-laravel-vue/server/vendor/laravel/framework/src/Illuminate/Container/Container.php(591): Illuminate\\Container\\BoundMethod::call(Object(Illuminate\\Foundation\\Application), Array, Array, NULL)
#22 /Users/nonshi0830/Desktop/HobbyProgram/lara-vue/docker-laravel-vue/server/vendor/laravel/framework/src/Illuminate/Console/Command.php(192): Illuminate\\Container\\Container->call(Array)
#23 /Users/nonshi0830/Desktop/HobbyProgram/lara-vue/docker-laravel-vue/server/vendor/symfony/console/Command/Command.php(255): Illuminate\\Console\\Command->execute(Object(Symfony\\Component\\Console\\Input\\ArgvInput), Object(Illuminate\\Console\\OutputStyle))
#24 /Users/nonshi0830/Desktop/HobbyProgram/lara-vue/docker-laravel-vue/server/vendor/laravel/framework/src/Illuminate/Console/Command.php(179): Symfony\\Component\\Console\\Command\\Command->run(Object(Symfony\\Component\\Console\\Input\\ArgvInput), Object(Illuminate\\Console\\OutputStyle))
#25 /Users/nonshi0830/Desktop/HobbyProgram/lara-vue/docker-laravel-vue/server/vendor/symfony/console/Application.php(915): Illuminate\\Console\\Command->run(Object(Symfony\\Component\\Console\\Input\\ArgvInput), Object(Symfony\\Component\\Console\\Output\\ConsoleOutput))
#26 /Users/nonshi0830/Desktop/HobbyProgram/lara-vue/docker-laravel-vue/server/vendor/symfony/console/Application.php(272): Symfony\\Component\\Console\\Application->doRunCommand(Object(Illuminate\\Database\\Console\\Migrations\\MigrateCommand), Object(Symfony\\Component\\Console\\Input\\ArgvInput), Object(Symfony\\Component\\Console\\Output\\ConsoleOutput))
#27 /Users/nonshi0830/Desktop/HobbyProgram/lara-vue/docker-laravel-vue/server/vendor/symfony/console/Application.php(148): Symfony\\Component\\Console\\Application->doRun(Object(Symfony\\Component\\Console\\Input\\ArgvInput), Object(Symfony\\Component\\Console\\Output\\ConsoleOutput))
#28 /Users/nonshi0830/Desktop/HobbyProgram/lara-vue/docker-laravel-vue/server/vendor/laravel/framework/src/Illuminate/Console/Application.php(90): Symfony\\Component\\Console\\Application->run(Object(Symfony\\Component\\Console\\Input\\ArgvInput), Object(Symfony\\Component\\Console\\Output\\ConsoleOutput))
#29 /Users/nonshi0830/Desktop/HobbyProgram/lara-vue/docker-laravel-vue/server/vendor/laravel/framework/src/Illuminate/Foundation/Console/Kernel.php(131): Illuminate\\Console\\Application->run(Object(Symfony\\Component\\Console\\Input\\ArgvInput), Object(Symfony\\Component\\Console\\Output\\ConsoleOutput))
#30 /Users/nonshi0830/Desktop/HobbyProgram/lara-vue/docker-laravel-vue/server/artisan(37): Illuminate\\Foundation\\Console\\Kernel->handle(Object(Symfony\\Component\\Console\\Input\\ArgvInput), Object(Symfony\\Component\\Console\\Output\\ConsoleOutput))
#31 {main}
"} 
